<?xml version="1.0" encoding="UTF-8"?>
<!-- Generated by org.testng.reporters.JUnitXMLReporter -->
<testsuite ignored="4" hostname="KoS-PC" failures="1" tests="1" name="RozaRozetka" time="43.379" errors="0" timestamp="2019-10-06T19:55:00 EEST">
  <testcase classname="com.telesens.rozetka.RozetkaTests" name="authenticationSuccess" time="35.761">
    <failure type="java.lang.AssertionError" message="expected [РІРѕР№РґРёС‚Рµ РІ Р»РёС‡РЅС‹Р№ РєР°Р±РёРЅРµС‚] but found [войдите в личный кабинет]">
      <![CDATA[java.lang.AssertionError: expected [РІРѕР№РґРёС‚Рµ РІ Р»РёС‡РЅС‹Р№ РєР°Р±РёРЅРµС‚] but found [войдите в личный кабинет]
at com.telesens.framework.page.BasePage.checkTextFromLocator(BasePage.java:54)
at com.telesens.rozetka.page.HomePage.checAcountName(HomePage.java:112)
at com.telesens.rozetka.RozetkaTests.authenticationSuccess(RozetkaTests.java:83)
at java.base/java.util.ArrayList.forEach(ArrayList.java:1540)
... Removed 36 stack frames]]>
    </failure>
  </testcase> <!-- authenticationSuccess -->
  <testcase classname="com.telesens.rozetka.RozetkaTests" name="testSort2" time="0.0">
    <ignored/>
  </testcase> <!-- testSort2 -->
  <testcase classname="com.telesens.rozetka.RozetkaTests" name="testSort" time="0.0">
    <ignored/>
  </testcase> <!-- testSort -->
  <testcase classname="com.telesens.rozetka.RozetkaTests" name="wrongAuthentication" time="0.0">
    <ignored/>
  </testcase> <!-- wrongAuthentication -->
  <testcase classname="com.telesens.rozetka.RozetkaTests" name="filterOrsay" time="0.0">
    <ignored/>
  </testcase> <!-- filterOrsay -->
</testsuite> <!-- RozaRozetka -->
