<?xml version="1.0" encoding="UTF-8"?>
<!-- Generated by org.testng.reporters.JUnitReportReporter -->
<testsuite hostname="KoS-PC" failures="1" tests="5" name="com.telesens.rozetka.RozetkaTests" time="35.802" errors="0" timestamp="2019-10-06T19:55:01 EEST" skipped="4">
  <testcase classname="com.telesens.rozetka.RozetkaTests" name="authenticationSuccess" time="35.802">
    <failure message="expected [РІРѕР№РґРёС‚Рµ РІ Р»РёС‡РЅС‹Р№ РєР°Р±РёРЅРµС‚] but found [войдите в личный кабинет]" type="java.lang.AssertionError">
      <![CDATA[java.lang.AssertionError: expected [РІРѕР№РґРёС‚Рµ РІ Р»РёС‡РЅС‹Р№ РєР°Р±РёРЅРµС‚] but found [войдите в личный кабинет]
at org.testng.Assert.fail(Assert.java:97)
at org.testng.Assert.assertEqualsImpl(Assert.java:136)
at org.testng.Assert.assertEquals(Assert.java:118)
at org.testng.Assert.assertEquals(Assert.java:575)
at org.testng.Assert.assertEquals(Assert.java:585)
at com.telesens.framework.page.BasePage.checkTextFromLocator(BasePage.java:54)
at com.telesens.rozetka.page.HomePage.checAcountName(HomePage.java:112)
at com.telesens.rozetka.RozetkaTests.authenticationSuccess(RozetkaTests.java:83)
at java.base/jdk.internal.reflect.NativeMethodAccessorImpl.invoke0(Native Method)
at java.base/jdk.internal.reflect.NativeMethodAccessorImpl.invoke(NativeMethodAccessorImpl.java:62)
at java.base/jdk.internal.reflect.DelegatingMethodAccessorImpl.invoke(DelegatingMethodAccessorImpl.java:43)
at java.base/java.lang.reflect.Method.invoke(Method.java:567)
at org.testng.internal.MethodInvocationHelper.invokeMethod(MethodInvocationHelper.java:133)
at org.testng.internal.TestInvoker.invokeMethod(TestInvoker.java:584)
at org.testng.internal.TestInvoker.invokeTestMethod(TestInvoker.java:172)
at org.testng.internal.MethodRunner.runInSequence(MethodRunner.java:46)
at org.testng.internal.TestInvoker$MethodInvocationAgent.invoke(TestInvoker.java:804)
at org.testng.internal.TestInvoker.invokeTestMethods(TestInvoker.java:145)
at org.testng.internal.TestMethodWorker.invokeTestMethods(TestMethodWorker.java:146)
at org.testng.internal.TestMethodWorker.run(TestMethodWorker.java:128)
at java.base/java.util.ArrayList.forEach(ArrayList.java:1540)
at org.testng.TestRunner.privateRun(TestRunner.java:770)
at org.testng.TestRunner.run(TestRunner.java:591)
at org.testng.SuiteRunner.runTest(SuiteRunner.java:402)
at org.testng.SuiteRunner.runSequentially(SuiteRunner.java:396)
at org.testng.SuiteRunner.privateRun(SuiteRunner.java:355)
at org.testng.SuiteRunner.run(SuiteRunner.java:304)
at org.testng.SuiteRunnerWorker.runSuite(SuiteRunnerWorker.java:53)
at org.testng.SuiteRunnerWorker.run(SuiteRunnerWorker.java:96)
at org.testng.TestNG.runSuitesSequentially(TestNG.java:1180)
at org.testng.TestNG.runSuitesLocally(TestNG.java:1102)
at org.testng.TestNG.runSuites(TestNG.java:1032)
at org.testng.TestNG.run(TestNG.java:1000)
at org.apache.maven.surefire.testng.TestNGExecutor.run(TestNGExecutor.java:283)
at org.apache.maven.surefire.testng.TestNGXmlTestSuite.execute(TestNGXmlTestSuite.java:75)
at org.apache.maven.surefire.testng.TestNGProvider.invoke(TestNGProvider.java:120)
at org.apache.maven.surefire.booter.ForkedBooter.invokeProviderInSameClassLoader(ForkedBooter.java:379)
at org.apache.maven.surefire.booter.ForkedBooter.runSuitesInProcess(ForkedBooter.java:340)
at org.apache.maven.surefire.booter.ForkedBooter.execute(ForkedBooter.java:125)
at org.apache.maven.surefire.booter.ForkedBooter.main(ForkedBooter.java:413)
]]>
    </failure>
  </testcase> <!-- authenticationSuccess -->
  <testcase classname="com.telesens.rozetka.RozetkaTests" name="testSort2">
    <skipped/>
  </testcase> <!-- testSort2 -->
  <testcase classname="com.telesens.rozetka.RozetkaTests" name="testSort">
    <skipped/>
  </testcase> <!-- testSort -->
  <testcase classname="com.telesens.rozetka.RozetkaTests" name="wrongAuthentication">
    <skipped/>
  </testcase> <!-- wrongAuthentication -->
  <testcase classname="com.telesens.rozetka.RozetkaTests" name="filterOrsay">
    <skipped/>
  </testcase> <!-- filterOrsay -->
</testsuite> <!-- com.telesens.rozetka.RozetkaTests -->
